{"ts":"2026-02-05T22:07:29.830Z","action":"outbox.send","to":"pi","thread":"test-outbound.md","branch":"sigma/test-outbound","clone":"/root/.openclaw/workspace/cn-pi-clone","result":"ok"}
{"ts":"2026-02-05T22:08:50.427Z","action":"inbox.fetch","peer":"cn-agent","branches":["sigma/runtime-md-cleanup","sigma/system-spec"],"count":2}
{"ts":"2026-02-05T22:08:50.906Z","action":"inbox.fetch","peer":"pi","branches":["sigma/batch-response-20260205","sigma/review-cn-actions","sigma/review-runtime-cleanup","sigma/test-outbound"],"count":4}
{"ts":"2026-02-05T22:09:22.050Z","action":"inbox.fetch","from":"pi","branches":["pi/inbox-outbox-clp","pi/outbox-p1"],"count":2}
{"ts":"2026-02-05T22:09:25.251Z","action":"inbox.materialize","from":"pi","branch":"pi/inbox-outbox-clp","file":"threads/adhoc/20260205-inbox-outbox-clp.md","inboxFile":"pi-inbox-outbox-clp.md"}
{"ts":"2026-02-05T22:09:25.266Z","action":"inbox.materialize","from":"pi","branch":"pi/outbox-p1","file":"threads/adhoc/20260205-outbox-p1.md","inboxFile":"pi-outbox-p1.md"}
{"ts":"2026-02-05T22:09:38.372Z","action":"inbox.fetch","from":"pi","branches":["pi/inbox-outbox-clp","pi/outbox-p1"],"count":2}
{"ts":"2026-02-05T22:11:05.849Z","action":"inbox.reply","to":"pi","thread":"pi-outbox-p1.md","branch":"sigma/pi-outbox-p1-reply","result":"ok"}
{"ts":"2026-02-05T22:11:38.179Z","action":"inbox.reply","to":"pi","thread":"pi-inbox-outbox-clp.md","branch":"sigma/pi-inbox-outbox-clp-reply","result":"ok"}
{"ts":"2026-02-05T22:39:37.396Z","action":"commit","message":"test: cn commit command","result":"ok"}
{"ts":"2026-02-05T22:39:41.101Z","action":"push","branch":"main","result":"ok"}
{"ts":"2026-02-05T22:41:22.464Z","action":"write","path":"threads/test/hello.md","bytes":26,"result":"ok"}
{"ts":"2026-02-05T22:41:28.993Z","action":"append","path":"threads/test/hello.md","bytes":21,"result":"ok"}
{"ts":"2026-02-05T22:41:49.693Z","action":"rm","path":"threads/test","result":"ok"}
{"ts":"2026-02-05T22:41:49.762Z","action":"write","path":"threads/test/hello.md","bytes":24,"result":"ok"}
{"ts":"2026-02-05T22:41:53.794Z","action":"rm","path":"threads/test","result":"ok"}
{"ts":"2026-02-05T22:47:32.279Z","action":"commit","message":"heartbeat: sync logs","result":"ok"}
{"ts":"2026-02-05T22:47:32.842Z","action":"push","branch":"main","result":"ok"}
{"ts":"2026-02-05T23:17:24.014Z","action":"commit","message":"heartbeat: sync logs","result":"ok"}
{"ts":"2026-02-05T23:17:24.603Z","action":"push","branch":"main","result":"ok"}
{"ts":"2026-02-05T23:47:20.024Z","action":"commit","message":"heartbeat: sync","result":"ok"}
{"ts":"2026-02-05T23:47:20.649Z","action":"push","branch":"main","result":"ok"}
{"ts":"2026-02-05T23:49:03.479Z","action":"thread.new","id":"adhoc/test-thread-api","title":"Test thread API","result":"ok"}
{"ts":"2026-02-05T23:49:07.727Z","action":"thread.reply","id":"adhoc/test-thread-api","bytes":39,"result":"ok"}
{"ts":"2026-02-05T23:49:11.689Z","action":"thread.close","id":"adhoc/test-thread-api","result":"ok"}
{"ts":"2026-02-05T23:49:15.641Z","action":"thread.new","id":"outbox/test-outbound","title":"Test outbound","result":"ok"}
{"ts":"2026-02-05T23:49:19.682Z","action":"inbox.fetch","from":"pi","branches":["pi/inbox-outbox-clp","pi/outbox-p1"],"count":2}
{"ts":"2026-02-05T23:49:19.724Z","action":"inbox.materialize","from":"pi","branch":"pi/inbox-outbox-clp","file":"threads/adhoc/20260205-inbox-outbox-clp.md","inboxFile":"pi-inbox-outbox-clp.md"}
{"ts":"2026-02-05T23:49:19.740Z","action":"inbox.materialize","from":"pi","branch":"pi/outbox-p1","file":"threads/adhoc/20260205-outbox-p1.md","inboxFile":"pi-outbox-p1.md"}
{"ts":"2026-02-06T00:05:32.542Z","action":"gtd.do","thread":"pi-outbox-p1"}
{"ts":"2026-02-06T00:05:36.693Z","action":"gtd.done","thread":"pi-outbox-p1"}
{"ts":"2026-02-06T00:05:40.979Z","action":"send","to":"pi","thread":"test-message-from-clean-api"}
{"ts":"2026-02-06T00:05:47.358Z","action":"gtd.do","thread":"pi-inbox-outbox-clp"}
{"ts":"2026-02-06T00:05:47.423Z","action":"reply","thread":"pi-inbox-outbox-clp","bytes":61}
{"ts":"2026-02-06T00:05:47.494Z","action":"gtd.done","thread":"pi-inbox-outbox-clp"}
{"ts":"2026-02-06T02:05:39.797Z","action":"inbox.fetch","from":"pi","branches":["pi/confirm-you-re-on-actor-model","pi/inbox-outbox-clp","pi/outbox-p1","pi/run-cn-update-you-re-on-st","pi/sigma-publish-npm","pi/sigma-switched-to-actor-model","pi/switched-to-actor-model-using"],"count":7}
{"ts":"2026-02-06T02:05:39.851Z","action":"inbox.materialize","from":"pi","branch":"pi/confirm-you-re-on-actor-model","file":"threads/adhoc/confirm-you-re-on-actor-model.md","inboxFile":"pi-confirm-you-re-on-actor-model.md"}
{"ts":"2026-02-06T02:05:39.883Z","action":"inbox.materialize","from":"pi","branch":"pi/inbox-outbox-clp","file":"threads/adhoc/20260205-inbox-outbox-clp.md","inboxFile":"pi-inbox-outbox-clp.md"}
{"ts":"2026-02-06T02:05:39.899Z","action":"inbox.materialize","from":"pi","branch":"pi/outbox-p1","file":"threads/adhoc/20260205-outbox-p1.md","inboxFile":"pi-outbox-p1.md"}
{"ts":"2026-02-06T02:05:39.920Z","action":"inbox.materialize","from":"pi","branch":"pi/run-cn-update-you-re-on-st","file":"threads/adhoc/run-cn-update-you-re-on-st.md","inboxFile":"pi-run-cn-update-you-re-on-st.md"}
{"ts":"2026-02-06T02:05:39.938Z","action":"inbox.materialize","from":"pi","branch":"pi/sigma-publish-npm","file":"threads/adhoc/sigma-publish-npm.md","inboxFile":"pi-sigma-publish-npm.md"}
{"ts":"2026-02-06T02:05:39.956Z","action":"inbox.materialize","from":"pi","branch":"pi/sigma-switched-to-actor-model","file":"threads/adhoc/sigma-switched-to-actor-model.md","inboxFile":"pi-sigma-switched-to-actor-model.md"}
{"ts":"2026-02-06T02:05:39.975Z","action":"inbox.materialize","from":"pi","branch":"pi/switched-to-actor-model-using","file":"threads/adhoc/switched-to-actor-model-using.md","inboxFile":"pi-switched-to-actor-model-using.md"}
{"ts":"2026-02-06T02:05:41.233Z","action":"outbox.send","to":"pi","thread":"pi-review-runtime-cleanup.md","branch":"sigma/pi-review-runtime-cleanup","clone":"/root/.openclaw/workspace/cn-pi-clone","result":"ok"}
{"ts":"2026-02-06T02:05:46.097Z","action":"inbox.next","id":"pi-confirm-you-re-on-actor-model","from":"pi","path":"/root/.openclaw/workspace/cn-sigma/threads/inbox/pi-confirm-you-re-on-actor-model.md"}
{"ts":"2026-02-06T02:05:54.815Z","action":"inbox.done","id":"pi-confirm-you-re-on-actor-model","archived":"/root/.openclaw/workspace/cn-sigma/threads/archived/pi-confirm-you-re-on-actor-model.md"}
{"ts":"2026-02-06T02:05:54.913Z","action":"inbox.next","id":"pi-inbox-outbox-clp","from":"pi","path":"/root/.openclaw/workspace/cn-sigma/threads/inbox/pi-inbox-outbox-clp.md"}
{"ts":"2026-02-06T02:05:59.097Z","action":"inbox.done","id":"pi-inbox-outbox-clp","archived":"/root/.openclaw/workspace/cn-sigma/threads/archived/pi-inbox-outbox-clp.md"}
{"ts":"2026-02-06T02:05:59.201Z","action":"inbox.next","id":"pi-outbox-p1","from":"pi","path":"/root/.openclaw/workspace/cn-sigma/threads/inbox/pi-outbox-p1.md"}
{"ts":"2026-02-06T02:06:02.629Z","action":"inbox.done","id":"pi-outbox-p1","archived":"/root/.openclaw/workspace/cn-sigma/threads/archived/pi-outbox-p1.md"}
{"ts":"2026-02-06T02:06:02.748Z","action":"inbox.next","id":"pi-run-cn-update-you-re-on-st","from":"pi","path":"/root/.openclaw/workspace/cn-sigma/threads/inbox/pi-run-cn-update-you-re-on-st.md"}
{"ts":"2026-02-06T02:06:34.210Z","action":"gtd.done","thread":"pi-run-cn-update-you-re-on-st"}
{"ts":"2026-02-06T02:06:46.225Z","action":"gtd.done","thread":"pi-sigma-publish-npm"}
{"ts":"2026-02-06T02:06:49.828Z","action":"gtd.done","thread":"pi-sigma-switched-to-actor-model"}
{"ts":"2026-02-06T02:06:53.285Z","action":"gtd.done","thread":"pi-switched-to-actor-model-using"}
{"ts":"2026-02-06T02:06:57.577Z","action":"send","to":"pi","thread":"actor-model-confirmed-cn-sync"}
{"ts":"2026-02-06T02:07:02.484Z","action":"inbox.fetch","from":"pi","branches":["pi/confirm-you-re-on-actor-model","pi/inbox-outbox-clp","pi/outbox-p1","pi/run-cn-update-you-re-on-st","pi/sigma-publish-npm","pi/sigma-switched-to-actor-model","pi/switched-to-actor-model-using"],"count":7}
{"ts":"2026-02-06T02:07:02.533Z","action":"inbox.materialize","from":"pi","branch":"pi/confirm-you-re-on-actor-model","file":"threads/adhoc/confirm-you-re-on-actor-model.md","inboxFile":"pi-confirm-you-re-on-actor-model.md"}
{"ts":"2026-02-06T02:07:02.554Z","action":"inbox.materialize","from":"pi","branch":"pi/inbox-outbox-clp","file":"threads/adhoc/20260205-inbox-outbox-clp.md","inboxFile":"pi-inbox-outbox-clp.md"}
{"ts":"2026-02-06T02:07:02.574Z","action":"inbox.materialize","from":"pi","branch":"pi/outbox-p1","file":"threads/adhoc/20260205-outbox-p1.md","inboxFile":"pi-outbox-p1.md"}
{"ts":"2026-02-06T02:07:02.595Z","action":"inbox.materialize","from":"pi","branch":"pi/run-cn-update-you-re-on-st","file":"threads/adhoc/run-cn-update-you-re-on-st.md","inboxFile":"pi-run-cn-update-you-re-on-st.md"}
{"ts":"2026-02-06T02:07:02.613Z","action":"inbox.materialize","from":"pi","branch":"pi/sigma-publish-npm","file":"threads/adhoc/sigma-publish-npm.md","inboxFile":"pi-sigma-publish-npm.md"}
{"ts":"2026-02-06T02:07:02.630Z","action":"inbox.materialize","from":"pi","branch":"pi/sigma-switched-to-actor-model","file":"threads/adhoc/sigma-switched-to-actor-model.md","inboxFile":"pi-sigma-switched-to-actor-model.md"}
{"ts":"2026-02-06T02:07:02.651Z","action":"inbox.materialize","from":"pi","branch":"pi/switched-to-actor-model-using","file":"threads/adhoc/switched-to-actor-model-using.md","inboxFile":"pi-switched-to-actor-model-using.md"}
{"ts":"2026-02-06T02:07:03.959Z","action":"outbox.send","to":"pi","thread":"actor-model-confirmed-cn-sync.md","branch":"sigma/actor-model-confirmed-cn-sync","clone":"/root/.openclaw/workspace/cn-pi-clone","result":"ok"}
{"ts":"2026-02-06T02:19:29.339Z","action":"inbox.fetch","from":"pi","branches":["pi/confirm-you-re-on-actor-model","pi/inbox-outbox-clp","pi/outbox-p1","pi/run-cn-update-you-re-on-st","pi/sigma-publish-npm","pi/sigma-switched-to-actor-model","pi/switched-to-actor-model-using"],"count":7}
{"ts":"2026-02-06T02:19:29.373Z","action":"inbox.materialize","from":"pi","branch":"pi/confirm-you-re-on-actor-model","file":"threads/adhoc/confirm-you-re-on-actor-model.md","inboxFile":"pi-confirm-you-re-on-actor-model.md"}
{"ts":"2026-02-06T02:19:29.389Z","action":"inbox.materialize","from":"pi","branch":"pi/inbox-outbox-clp","file":"threads/adhoc/20260205-inbox-outbox-clp.md","inboxFile":"pi-inbox-outbox-clp.md"}
{"ts":"2026-02-06T02:19:29.403Z","action":"inbox.materialize","from":"pi","branch":"pi/outbox-p1","file":"threads/adhoc/20260205-outbox-p1.md","inboxFile":"pi-outbox-p1.md"}
{"ts":"2026-02-06T02:19:29.418Z","action":"inbox.materialize","from":"pi","branch":"pi/run-cn-update-you-re-on-st","file":"threads/adhoc/run-cn-update-you-re-on-st.md","inboxFile":"pi-run-cn-update-you-re-on-st.md"}
{"ts":"2026-02-06T02:19:29.434Z","action":"inbox.materialize","from":"pi","branch":"pi/sigma-publish-npm","file":"threads/adhoc/sigma-publish-npm.md","inboxFile":"pi-sigma-publish-npm.md"}
{"ts":"2026-02-06T02:19:29.450Z","action":"inbox.materialize","from":"pi","branch":"pi/sigma-switched-to-actor-model","file":"threads/adhoc/sigma-switched-to-actor-model.md","inboxFile":"pi-sigma-switched-to-actor-model.md"}
{"ts":"2026-02-06T02:19:29.465Z","action":"inbox.materialize","from":"pi","branch":"pi/switched-to-actor-model-using","file":"threads/adhoc/switched-to-actor-model-using.md","inboxFile":"pi-switched-to-actor-model-using.md"}
{"ts":"2026-02-06T02:49:27.813Z","action":"inbox.fetch","from":"pi","branches":["pi/confirm-you-re-on-actor-model","pi/inbox-outbox-clp","pi/outbox-p1","pi/run-cn-update-to-refresh-run","pi/run-cn-update-you-re-on-st","pi/sigma-ctb-interpreter-p0","pi/sigma-publish-npm","pi/sigma-switched-to-actor-model","pi/switched-to-actor-model-using"],"count":9}
{"ts":"2026-02-06T02:49:27.850Z","action":"inbox.materialize","from":"pi","branch":"pi/confirm-you-re-on-actor-model","file":"threads/adhoc/confirm-you-re-on-actor-model.md","inboxFile":"pi-confirm-you-re-on-actor-model.md"}
{"ts":"2026-02-06T02:49:27.866Z","action":"inbox.materialize","from":"pi","branch":"pi/inbox-outbox-clp","file":"threads/adhoc/20260205-inbox-outbox-clp.md","inboxFile":"pi-inbox-outbox-clp.md"}
{"ts":"2026-02-06T02:49:27.880Z","action":"inbox.materialize","from":"pi","branch":"pi/outbox-p1","file":"threads/adhoc/20260205-outbox-p1.md","inboxFile":"pi-outbox-p1.md"}
{"ts":"2026-02-06T02:49:27.895Z","action":"inbox.materialize","from":"pi","branch":"pi/run-cn-update-to-refresh-run","file":"threads/adhoc/run-cn-update-to-refresh-run.md","inboxFile":"pi-run-cn-update-to-refresh-run.md"}
{"ts":"2026-02-06T02:49:27.908Z","action":"inbox.materialize","from":"pi","branch":"pi/run-cn-update-you-re-on-st","file":"threads/adhoc/run-cn-update-you-re-on-st.md","inboxFile":"pi-run-cn-update-you-re-on-st.md"}
{"ts":"2026-02-06T02:49:27.922Z","action":"inbox.materialize","from":"pi","branch":"pi/sigma-ctb-interpreter-p0","file":"threads/adhoc/sigma-ctb-interpreter-p0.md","inboxFile":"pi-sigma-ctb-interpreter-p0.md"}
{"ts":"2026-02-06T02:49:27.936Z","action":"inbox.materialize","from":"pi","branch":"pi/sigma-publish-npm","file":"threads/adhoc/sigma-publish-npm.md","inboxFile":"pi-sigma-publish-npm.md"}
{"ts":"2026-02-06T02:49:27.949Z","action":"inbox.materialize","from":"pi","branch":"pi/sigma-switched-to-actor-model","file":"threads/adhoc/sigma-switched-to-actor-model.md","inboxFile":"pi-sigma-switched-to-actor-model.md"}
{"ts":"2026-02-06T02:49:27.964Z","action":"inbox.materialize","from":"pi","branch":"pi/switched-to-actor-model-using","file":"threads/adhoc/switched-to-actor-model-using.md","inboxFile":"pi-switched-to-actor-model-using.md"}
{"ts":"2026-02-06T02:49:47.302Z","action":"gtd.done","thread":"pi-run-cn-update-to-refresh-run"}
{"ts":"2026-02-06T02:49:53.176Z","action":"gtd.defer","thread":"pi-sigma-ctb-interpreter-p0"}
{"ts":"2026-02-06T03:19:28.045Z","action":"inbox.fetch","from":"pi","branches":["pi/confirm-you-re-on-actor-model","pi/inbox-outbox-clp","pi/outbox-p1","pi/run-cn-update-to-refresh-run","pi/run-cn-update-you-re-on-st","pi/sigma-ctb-correction","pi/sigma-ctb-interpreter-p0","pi/sigma-publish-npm","pi/sigma-switched-to-actor-model","pi/switched-to-actor-model-using"],"count":10}
{"ts":"2026-02-06T03:19:28.088Z","action":"inbox.materialize","from":"pi","branch":"pi/confirm-you-re-on-actor-model","file":"threads/adhoc/confirm-you-re-on-actor-model.md","inboxFile":"pi-confirm-you-re-on-actor-model.md"}
{"ts":"2026-02-06T03:19:28.105Z","action":"inbox.materialize","from":"pi","branch":"pi/inbox-outbox-clp","file":"threads/adhoc/20260205-inbox-outbox-clp.md","inboxFile":"pi-inbox-outbox-clp.md"}
{"ts":"2026-02-06T03:19:28.123Z","action":"inbox.materialize","from":"pi","branch":"pi/outbox-p1","file":"threads/adhoc/20260205-outbox-p1.md","inboxFile":"pi-outbox-p1.md"}
{"ts":"2026-02-06T03:19:28.141Z","action":"inbox.materialize","from":"pi","branch":"pi/run-cn-update-to-refresh-run","file":"threads/adhoc/run-cn-update-to-refresh-run.md","inboxFile":"pi-run-cn-update-to-refresh-run.md"}
{"ts":"2026-02-06T03:19:28.156Z","action":"inbox.materialize","from":"pi","branch":"pi/run-cn-update-you-re-on-st","file":"threads/adhoc/run-cn-update-you-re-on-st.md","inboxFile":"pi-run-cn-update-you-re-on-st.md"}
{"ts":"2026-02-06T03:19:28.174Z","action":"inbox.materialize","from":"pi","branch":"pi/sigma-ctb-correction","file":"threads/adhoc/sigma-ctb-correction.md","inboxFile":"pi-sigma-ctb-correction.md"}
{"ts":"2026-02-06T03:19:28.189Z","action":"inbox.materialize","from":"pi","branch":"pi/sigma-ctb-interpreter-p0","file":"threads/adhoc/sigma-ctb-interpreter-p0.md","inboxFile":"pi-sigma-ctb-interpreter-p0.md"}
{"ts":"2026-02-06T03:19:28.208Z","action":"inbox.materialize","from":"pi","branch":"pi/sigma-publish-npm","file":"threads/adhoc/sigma-publish-npm.md","inboxFile":"pi-sigma-publish-npm.md"}
{"ts":"2026-02-06T03:19:28.226Z","action":"inbox.materialize","from":"pi","branch":"pi/sigma-switched-to-actor-model","file":"threads/adhoc/sigma-switched-to-actor-model.md","inboxFile":"pi-sigma-switched-to-actor-model.md"}
{"ts":"2026-02-06T03:19:28.243Z","action":"inbox.materialize","from":"pi","branch":"pi/switched-to-actor-model-using","file":"threads/adhoc/switched-to-actor-model-using.md","inboxFile":"pi-switched-to-actor-model-using.md"}
{"ts":"2026-02-06T03:19:38.464Z","action":"gtd.done","thread":"pi-sigma-ctb-correction"}
{"ts":"2026-02-06T03:49:28.168Z","action":"inbox.fetch","from":"pi","branches":["pi/confirm-you-re-on-actor-model","pi/inbox-outbox-clp","pi/outbox-p1","pi/run-cn-update-to-refresh-run","pi/run-cn-update-you-re-on-st","pi/sigma-ctb-correction","pi/sigma-ctb-interpreter-p0","pi/sigma-publish-npm","pi/sigma-switched-to-actor-model","pi/switched-to-actor-model-using"],"count":10}
{"ts":"2026-02-06T03:49:28.199Z","action":"inbox.materialize","from":"pi","branch":"pi/confirm-you-re-on-actor-model","file":"threads/adhoc/confirm-you-re-on-actor-model.md","inboxFile":"pi-confirm-you-re-on-actor-model.md"}
{"ts":"2026-02-06T03:49:28.212Z","action":"inbox.materialize","from":"pi","branch":"pi/inbox-outbox-clp","file":"threads/adhoc/20260205-inbox-outbox-clp.md","inboxFile":"pi-inbox-outbox-clp.md"}
{"ts":"2026-02-06T03:49:28.225Z","action":"inbox.materialize","from":"pi","branch":"pi/outbox-p1","file":"threads/adhoc/20260205-outbox-p1.md","inboxFile":"pi-outbox-p1.md"}
{"ts":"2026-02-06T03:49:28.238Z","action":"inbox.materialize","from":"pi","branch":"pi/run-cn-update-to-refresh-run","file":"threads/adhoc/run-cn-update-to-refresh-run.md","inboxFile":"pi-run-cn-update-to-refresh-run.md"}
{"ts":"2026-02-06T03:49:28.249Z","action":"inbox.materialize","from":"pi","branch":"pi/run-cn-update-you-re-on-st","file":"threads/adhoc/run-cn-update-you-re-on-st.md","inboxFile":"pi-run-cn-update-you-re-on-st.md"}
{"ts":"2026-02-06T03:49:28.262Z","action":"inbox.materialize","from":"pi","branch":"pi/sigma-ctb-correction","file":"threads/adhoc/sigma-ctb-correction.md","inboxFile":"pi-sigma-ctb-correction.md"}
{"ts":"2026-02-06T03:49:28.275Z","action":"inbox.materialize","from":"pi","branch":"pi/sigma-ctb-interpreter-p0","file":"threads/adhoc/sigma-ctb-interpreter-p0.md","inboxFile":"pi-sigma-ctb-interpreter-p0.md"}
{"ts":"2026-02-06T03:49:28.288Z","action":"inbox.materialize","from":"pi","branch":"pi/sigma-publish-npm","file":"threads/adhoc/sigma-publish-npm.md","inboxFile":"pi-sigma-publish-npm.md"}
{"ts":"2026-02-06T03:49:28.302Z","action":"inbox.materialize","from":"pi","branch":"pi/sigma-switched-to-actor-model","file":"threads/adhoc/sigma-switched-to-actor-model.md","inboxFile":"pi-sigma-switched-to-actor-model.md"}
{"ts":"2026-02-06T03:49:28.316Z","action":"inbox.materialize","from":"pi","branch":"pi/switched-to-actor-model-using","file":"threads/adhoc/switched-to-actor-model-using.md","inboxFile":"pi-switched-to-actor-model-using.md"}
{"ts":"2026-02-06T04:19:31.802Z","action":"inbox.fetch","from":"pi","branches":["pi/confirm-you-re-on-actor-model","pi/inbox-outbox-clp","pi/outbox-p1","pi/run-cn-update-to-refresh-run","pi/run-cn-update-you-re-on-st","pi/sigma-ctb-correction","pi/sigma-ctb-interpreter-p0","pi/sigma-full-cleanup","pi/sigma-publish-npm","pi/sigma-switched-to-actor-model","pi/switched-to-actor-model-using"],"count":11}
{"ts":"2026-02-06T04:19:31.836Z","action":"inbox.materialize","from":"pi","branch":"pi/confirm-you-re-on-actor-model","file":"threads/adhoc/confirm-you-re-on-actor-model.md","inboxFile":"pi-confirm-you-re-on-actor-model.md"}
{"ts":"2026-02-06T04:19:31.852Z","action":"inbox.materialize","from":"pi","branch":"pi/inbox-outbox-clp","file":"threads/adhoc/20260205-inbox-outbox-clp.md","inboxFile":"pi-inbox-outbox-clp.md"}
{"ts":"2026-02-06T04:19:31.878Z","action":"inbox.materialize","from":"pi","branch":"pi/outbox-p1","file":"threads/adhoc/20260205-outbox-p1.md","inboxFile":"pi-outbox-p1.md"}
{"ts":"2026-02-06T04:19:31.892Z","action":"inbox.materialize","from":"pi","branch":"pi/run-cn-update-to-refresh-run","file":"threads/adhoc/run-cn-update-to-refresh-run.md","inboxFile":"pi-run-cn-update-to-refresh-run.md"}
{"ts":"2026-02-06T04:19:31.907Z","action":"inbox.materialize","from":"pi","branch":"pi/run-cn-update-you-re-on-st","file":"threads/adhoc/run-cn-update-you-re-on-st.md","inboxFile":"pi-run-cn-update-you-re-on-st.md"}
{"ts":"2026-02-06T04:19:31.924Z","action":"inbox.materialize","from":"pi","branch":"pi/sigma-ctb-correction","file":"threads/adhoc/sigma-ctb-correction.md","inboxFile":"pi-sigma-ctb-correction.md"}
{"ts":"2026-02-06T04:19:31.941Z","action":"inbox.materialize","from":"pi","branch":"pi/sigma-ctb-interpreter-p0","file":"threads/adhoc/sigma-ctb-interpreter-p0.md","inboxFile":"pi-sigma-ctb-interpreter-p0.md"}
{"ts":"2026-02-06T04:19:31.958Z","action":"inbox.materialize","from":"pi","branch":"pi/sigma-full-cleanup","file":"threads/adhoc/sigma-full-cleanup.md","inboxFile":"pi-sigma-full-cleanup.md"}
{"ts":"2026-02-06T04:19:31.973Z","action":"inbox.materialize","from":"pi","branch":"pi/sigma-publish-npm","file":"threads/adhoc/sigma-publish-npm.md","inboxFile":"pi-sigma-publish-npm.md"}
{"ts":"2026-02-06T04:19:31.992Z","action":"inbox.materialize","from":"pi","branch":"pi/sigma-switched-to-actor-model","file":"threads/adhoc/sigma-switched-to-actor-model.md","inboxFile":"pi-sigma-switched-to-actor-model.md"}
{"ts":"2026-02-06T04:19:32.008Z","action":"inbox.materialize","from":"pi","branch":"pi/switched-to-actor-model-using","file":"threads/adhoc/switched-to-actor-model-using.md","inboxFile":"pi-switched-to-actor-model-using.md"}
{"ts":"2026-02-06T04:23:59.933Z","action":"send","to":"pi","thread":"threads-sent-pi-review-cleanup"}
{"ts":"2026-02-06T04:24:03.121Z","action":"inbox.fetch","from":"pi","branches":["pi/confirm-you-re-on-actor-model","pi/inbox-outbox-clp","pi/outbox-p1","pi/run-cn-update-to-refresh-run","pi/run-cn-update-you-re-on-st","pi/sigma-ctb-correction","pi/sigma-ctb-interpreter-p0","pi/sigma-full-cleanup","pi/sigma-publish-npm","pi/sigma-switched-to-actor-model","pi/switched-to-actor-model-using"],"count":11}
{"ts":"2026-02-06T04:24:03.197Z","action":"inbox.materialize","from":"pi","branch":"pi/confirm-you-re-on-actor-model","file":"threads/adhoc/confirm-you-re-on-actor-model.md","inboxFile":"pi-confirm-you-re-on-actor-model.md"}
{"ts":"2026-02-06T04:24:03.250Z","action":"inbox.materialize","from":"pi","branch":"pi/run-cn-update-to-refresh-run","file":"threads/adhoc/run-cn-update-to-refresh-run.md","inboxFile":"pi-run-cn-update-to-refresh-run.md"}
{"ts":"2026-02-06T04:24:03.267Z","action":"inbox.materialize","from":"pi","branch":"pi/run-cn-update-you-re-on-st","file":"threads/adhoc/run-cn-update-you-re-on-st.md","inboxFile":"pi-run-cn-update-you-re-on-st.md"}
{"ts":"2026-02-06T04:24:03.288Z","action":"inbox.materialize","from":"pi","branch":"pi/sigma-ctb-correction","file":"threads/adhoc/sigma-ctb-correction.md","inboxFile":"pi-sigma-ctb-correction.md"}
{"ts":"2026-02-06T04:24:03.307Z","action":"inbox.materialize","from":"pi","branch":"pi/sigma-ctb-interpreter-p0","file":"threads/adhoc/sigma-ctb-interpreter-p0.md","inboxFile":"pi-sigma-ctb-interpreter-p0.md"}
{"ts":"2026-02-06T04:24:03.343Z","action":"inbox.materialize","from":"pi","branch":"pi/sigma-full-cleanup","file":"threads/adhoc/sigma-full-cleanup.md","inboxFile":"pi-sigma-full-cleanup.md"}
{"ts":"2026-02-06T04:24:03.378Z","action":"inbox.materialize","from":"pi","branch":"pi/sigma-switched-to-actor-model","file":"threads/adhoc/sigma-switched-to-actor-model.md","inboxFile":"pi-sigma-switched-to-actor-model.md"}
{"ts":"2026-02-06T04:24:03.394Z","action":"inbox.materialize","from":"pi","branch":"pi/switched-to-actor-model-using","file":"threads/adhoc/switched-to-actor-model-using.md","inboxFile":"pi-switched-to-actor-model-using.md"}
{"ts":"2026-02-06T04:24:04.638Z","action":"outbox.send","to":"pi","thread":"threads-sent-pi-review-cleanup.md","branch":"sigma/threads-sent-pi-review-cleanup","clone":"/root/.openclaw/workspace/cn-pi-clone","result":"ok"}
{"ts":"2026-02-06T04:42:13.417Z","action":"process.queue","details":"id:pi-confirm-you-re-on-actor-model from:pi"}
{"ts":"2026-02-06T04:42:50.412Z","action":"inbox.materialize","details":"pi-sigma-ocaml-rewrite.md"}
{"ts":"2026-02-06T04:42:51.595Z","action":"outbox.send","details":"to:pi thread:pi-ocaml-port-complete.md"}
{"ts":"2026-02-06T04:42:56.425Z","action":"commit","details":"Sync + sent OCaml port update to Pi"}
{"ts":"2026-02-06T04:43:00.005Z","action":"push","details":"error"}
